Arguments: 
  C:\Program Files\nodejs\node.exe C:\Program Files (x86)\Yarn\bin\yarn.js add aos

PATH: 
  C:\Users\amygdala\bin;C:\Program Files\Git\mingw64\bin;C:\Program Files\Git\usr\local\bin;C:\Program Files\Git\usr\bin;C:\Program Files\Git\usr\bin;C:\Program Files\Git\mingw64\bin;C:\Program Files\Git\usr\bin;C:\Users\amygdala\bin;C:\Program Files (x86)\Common Files\Intel\Shared Libraries\redist\intel64\compiler;C:\Windows\system32;C:\Windows;C:\Windows\System32\Wbem;C:\Windows\System32\WindowsPowerShell\v1.0;C:\Windows\System32\OpenSSH;C:\Program Files (x86)\NVIDIA Corporation\PhysX\Common;C:\WINDOWS\system32;C:\WINDOWS;C:\WINDOWS\System32\Wbem;C:\WINDOWS\System32\WindowsPowerShell\v1.0;C:\WINDOWS\System32\OpenSSH;C:\Program Files\nodejs;C:\Program Files\Git\cmd;C:\Program Files\NVIDIA Corporation\NVIDIA NvDLISR;C:\Program Files (x86)\Yarn\bin;C:\Program Files\Git\usr\bin\bash.exe;C:\Program Files (x86)\Intel\Intel(R) Management Engine Components\DAL;C:\Program Files\Intel\Intel(R) Management Engine Components\DAL;C:\Users\amygdala\AppData\Local\Programs\Python\Python38\Scripts;C:\Users\amygdala\AppData\Local\Programs\Python\Python38;C:\Users\amygdala\AppData\Local\Microsoft\WindowsApps;C:\Users\amygdala\AppData\Local\Programs\Microsoft VS Code\bin;C:\Users\amygdala\AppData\Roaming\npm;C:\Users\amygdala\AppData\Local\GitHubDesktop\bi;C:\Program Files\GitHub";C:\Users\amygdala\AppData\Local\Programs\Python\Python37\Scripts;C:\Users\amygdala\AppData\Local\Programs\Python\Python37;C:\Users\amygdala\AppData\Local\Yarn\bin;C:\Users\amygdala\AppData\Local\GitHubDesktop\bin;C:\Program Files\Git\usr\bin\vendor_perl;C:\Program Files\Git\usr\bin\core_perl

Yarn version: 
  1.22.5

Node version: 
  12.18.3

Platform: 
  win32 x64

Trace: 
  Error: http://npm.greensock.com/@gsap%2fshockingly/-/gsap-3.5.1.tgz: Request failed "403 Forbidden"
      at ResponseError.ExtendableBuiltin (C:\Program Files (x86)\Yarn\lib\cli.js:696:66)
      at new ResponseError (C:\Program Files (x86)\Yarn\lib\cli.js:802:124)
      at Request.<anonymous> (C:\Program Files (x86)\Yarn\lib\cli.js:66167:16)
      at Request.emit (events.js:315:20)
      at Request.module.exports.Request.onRequestResponse (C:\Program Files (x86)\Yarn\lib\cli.js:141626:10)
      at ClientRequest.emit (events.js:315:20)
      at HTTPParser.parserOnIncomingClient [as onIncoming] (_http_client.js:596:27)
      at HTTPParser.parserOnHeadersComplete (_http_common.js:119:17)
      at TLSSocket.socketOnData (_http_client.js:469:22)
      at TLSSocket.emit (events.js:315:20)

npm manifest: 
  {
      "name": "coalcanvas-app",
      "version": "1.0.3",
      "description": "Company website with ux simulator.",
      "author": "Amy <ansb1987@gmail.com>",
      "main": "content.html",
      "repository": {
          "type": "git",
          "url": "git://github.com/coalcanvas/coalcanvas.github.io.git"
      },
      "keywords": [
          "Greensock",
          "GSAP",
          "TweenLite",
          "TweenMax",
          "plugin"
      ],
      "license": "MIT",
      "bugs": {
          "url": "https://github.com/coalcanvas/coalcanvas.github.io/issues"
      },
      "homepage": "https://github.com/coalcanvas/coalcanvas.github.io",
      "dependencies": {
          "browserify": "^17.0.0",
          "express": "^4.17.1",
          "gsap": "npm:@gsap/shockingly@^3.5.1",
          "horizontal-scroll": "^1.1.0",
          "node-fetch": "^2.6.1",
          "node-sass": "^4.14.1",
          "sass-loader": "^9.0.3",
          "scrollmagic": "^2.0.8"
      },
      "scripts": {
          "start": "node server.js"
      },
      "devDependencies": {}
  }

yarn manifest: 
  No manifest

Lockfile: 
  No lockfile
